Release 14.7 - xst P.20131013 (lin64)
Copyright (c) 1995-2013 Xilinx, Inc.  All rights reserved.
--> 
Parameter TMPDIR set to xst/projnav.tmp


Total REAL time to Xst completion: 0.00 secs
Total CPU time to Xst completion: 0.03 secs
 
--> 
Parameter xsthdpdir set to xst


Total REAL time to Xst completion: 0.00 secs
Total CPU time to Xst completion: 0.03 secs
 
--> 
Reading design: scheme.prj

TABLE OF CONTENTS
  1) Synthesis Options Summary
  2) HDL Compilation
  3) Design Hierarchy Analysis
  4) HDL Analysis
  5) HDL Synthesis
     5.1) HDL Synthesis Report
  6) Advanced HDL Synthesis
     6.1) Advanced HDL Synthesis Report
  7) Low Level Synthesis
  8) Partition Report
  9) Final Report
	9.1) Device utilization summary
	9.2) Partition Resource Summary
	9.3) TIMING REPORT


=========================================================================
*                      Synthesis Options Summary                        *
=========================================================================
---- Source Parameters
Input File Name                    : "scheme.prj"
Input Format                       : mixed
Ignore Synthesis Constraint File   : NO

---- Target Parameters
Output File Name                   : "scheme"
Output Format                      : NGC
Target Device                      : xc3s50a-4-tq144

---- Source Options
Top Module Name                    : scheme
Automatic FSM Extraction           : YES
FSM Encoding Algorithm             : Auto
Safe Implementation                : No
FSM Style                          : LUT
RAM Extraction                     : Yes
RAM Style                          : Auto
ROM Extraction                     : Yes
Mux Style                          : Auto
Decoder Extraction                 : YES
Priority Encoder Extraction        : Yes
Shift Register Extraction          : YES
Logical Shifter Extraction         : YES
XOR Collapsing                     : YES
ROM Style                          : Auto
Mux Extraction                     : Yes
Resource Sharing                   : YES
Asynchronous To Synchronous        : NO
Multiplier Style                   : Auto
Automatic Register Balancing       : No

---- Target Options
Add IO Buffers                     : YES
Global Maximum Fanout              : 500
Add Generic Clock Buffer(BUFG)     : 24
Register Duplication               : YES
Slice Packing                      : YES
Optimize Instantiated Primitives   : NO
Use Clock Enable                   : Yes
Use Synchronous Set                : Yes
Use Synchronous Reset              : Yes
Pack IO Registers into IOBs        : Auto
Equivalent register Removal        : YES

---- General Options
Optimization Goal                  : Speed
Optimization Effort                : 1
Keep Hierarchy                     : No
Netlist Hierarchy                  : As_Optimized
RTL Output                         : Yes
Global Optimization                : AllClockNets
Read Cores                         : YES
Write Timing Constraints           : NO
Cross Clock Analysis               : NO
Hierarchy Separator                : /
Bus Delimiter                      : <>
Case Specifier                     : Maintain
Slice Utilization Ratio            : 100
BRAM Utilization Ratio             : 100
Verilog 2001                       : YES
Auto BRAM Packing                  : NO
Slice Utilization Ratio Delta      : 5

=========================================================================


=========================================================================
*                          HDL Compilation                              *
=========================================================================
Compiling vhdl file "/media/sf_Stud/Hrytsak_1/ALU_B.vhd" in Library work.
Architecture behavioral of Entity alu_b is up to date.
Compiling vhdl file "/media/sf_Stud/Hrytsak_1/ALU_G.vhd" in Library work.
Entity <alu_g> compiled.
Entity <alu_g> (Architecture <behavioral>) compiled.
Compiling vhdl file "/media/sf_Stud/Hrytsak_1/compare.vhd" in Library work.
Architecture behavioral of Entity compare is up to date.
Compiling verilog file "scheme.vf" in library work
Module <scheme> compiled
No errors in compilation
Analysis of file <"scheme.prj"> succeeded.
 

=========================================================================
*                     Design Hierarchy Analysis                         *
=========================================================================
Analyzing hierarchy for module <scheme> in library <work>.

Analyzing hierarchy for entity <alu_g> in library <work> (architecture <behavioral>).

Analyzing hierarchy for entity <alu_b> in library <work> (architecture <behavioral>).

Analyzing hierarchy for entity <compare> in library <work> (architecture <behavioral>).


=========================================================================
*                            HDL Analysis                               *
=========================================================================
Analyzing top module <scheme>.
Module <scheme> is correct for synthesis.
 
Analyzing Entity <alu_g> in library <work> (Architecture <behavioral>).
Entity <alu_g> analyzed. Unit <alu_g> generated.

Analyzing Entity <alu_b> in library <work> (Architecture <behavioral>).
Entity <alu_b> analyzed. Unit <alu_b> generated.

Analyzing Entity <compare> in library <work> (Architecture <behavioral>).
Entity <compare> analyzed. Unit <compare> generated.


=========================================================================
*                           HDL Synthesis                               *
=========================================================================

Performing bidirectional port resolution...

Synthesizing Unit <alu_g>.
    Related source file is "/media/sf_Stud/Hrytsak_1/ALU_G.vhd".
    Found 4-bit adder for signal <Y>.
    Summary:
	inferred   1 Adder/Subtractor(s).
Unit <alu_g> synthesized.


Synthesizing Unit <alu_b>.
    Related source file is "/media/sf_Stud/Hrytsak_1/ALU_B.vhd".
    Found 4-bit adder for signal <$add0000> created at line 16.
    Summary:
	inferred   1 Adder/Subtractor(s).
Unit <alu_b> synthesized.


Synthesizing Unit <compare>.
    Related source file is "/media/sf_Stud/Hrytsak_1/compare.vhd".
    Found 4-bit comparator equal for signal <mistake$cmp_eq0000> created at line 15.
    Summary:
	inferred   1 Comparator(s).
Unit <compare> synthesized.


Synthesizing Unit <scheme>.
    Related source file is "scheme.vf".
Unit <scheme> synthesized.


=========================================================================
HDL Synthesis Report

Macro Statistics
# Adders/Subtractors                                   : 2
 4-bit adder                                           : 2
# Comparators                                          : 1
 4-bit comparator equal                                : 1

=========================================================================

=========================================================================
*                       Advanced HDL Synthesis                          *
=========================================================================


=========================================================================
Advanced HDL Synthesis Report

Macro Statistics
# Adders/Subtractors                                   : 2
 4-bit adder                                           : 2
# Comparators                                          : 1
 4-bit comparator equal                                : 1

=========================================================================

=========================================================================
*                         Low Level Synthesis                           *
=========================================================================

Optimizing unit <scheme> ...

Mapping all equations...
Building and optimizing final netlist ...
Found area constraint ratio of 100 (+ 5) on block scheme, actual ratio is 0.

Final Macro Processing ...

=========================================================================
Final Register Report

Found no macro
=========================================================================

=========================================================================
*                           Partition Report                            *
=========================================================================

Partition Implementation Status
-------------------------------

  No Partitions were found in this design.

-------------------------------

=========================================================================
*                            Final Report                               *
=========================================================================
Final Results
RTL Top Level Output File Name     : scheme.ngr
Top Level Output File Name         : scheme
Output Format                      : NGC
Optimization Goal                  : Speed
Keep Hierarchy                     : No

Design Statistics
# IOs                              : 13

Cell Usage :
# BELS                             : 5
#      INV                         : 1
#      LUT2                        : 1
#      LUT3                        : 2
#      LUT4                        : 1
# IO Buffers                       : 13
#      IBUF                        : 4
#      OBUF                        : 9
=========================================================================

Device utilization summary:
---------------------------

Selected Device : 3s50atq144-4 

 Number of Slices:                        3  out of    704     0%  
 Number of 4 input LUTs:                  5  out of   1408     0%  
 Number of IOs:                          13
 Number of bonded IOBs:                  13  out of    108    12%  

---------------------------
Partition Resource Summary:
---------------------------

  No Partitions were found in this design.

---------------------------


=========================================================================
TIMING REPORT

NOTE: THESE TIMING NUMBERS ARE ONLY A SYNTHESIS ESTIMATE.
      FOR ACCURATE TIMING INFORMATION PLEASE REFER TO THE TRACE REPORT
      GENERATED AFTER PLACE-and-ROUTE.

Clock Information:
------------------
No clock signals found in this design

Asynchronous Control Signals Information:
----------------------------------------
No asynchronous control signals found in this design

Timing Summary:
---------------
Speed Grade: -4

   Minimum period: No path found
   Minimum input arrival time before clock: No path found
   Maximum output required time after clock: No path found
   Maximum combinational path delay: 7.324ns

Timing Detail:
--------------
All values displayed in nanoseconds (ns)

=========================================================================
Timing constraint: Default path analysis
  Total number of paths / destination ports: 24 / 9
-------------------------------------------------------------------------
Delay:               7.324ns (Levels of Logic = 3)
  Source:            B<0> (PAD)
  Destination:       Res_B<2> (PAD)

  Data Path: B<0> to Res_B<2>
                                Gate     Net
    Cell:in->out      fanout   Delay   Delay  Logical Name (Net Name)
    ----------------------------------------  ------------
     IBUF:I->O             5   0.849   0.776  B_0_IBUF (B_0_IBUF)
     LUT3:I0->O            3   0.648   0.531  Res_B<1>1 (Res_B_1_OBUF)
     OBUF:I->O                 4.520          Res_B_2_OBUF (Res_B<2>)
    ----------------------------------------
    Total                      7.324ns (6.017ns logic, 1.307ns route)
                                       (82.2% logic, 17.8% route)

=========================================================================


Total REAL time to Xst completion: 3.00 secs
Total CPU time to Xst completion: 2.02 secs
 
--> 


Total memory usage is 507460 kilobytes

Number of errors   :    0 (   0 filtered)
Number of warnings :    0 (   0 filtered)
Number of infos    :    0 (   0 filtered)

