Command line:
   TOP_LEVEL_isim_beh.exe
     -simmode  gui
     -simrunnum  0
     -socket  49177

Tue Apr 09 17:39:35 2024


 Elaboration Time: 0.03125 sec

 Current Memory Usage: 668.529 Meg

 Total Signals          : 60
 Total Nets             : 99
 Total Signal Drivers   : 52
 Total Blocks           : 8
 Total Primitive Blocks : 7
 Total Processes        : 44
 Total Traceable Variables  : 27
 Total Scalar Nets and Variables : 540
Total Line Count : 212

 Total Simulation Time: 0.390625 sec

 Current Memory Usage: 668.529 Meg

Tue Apr 09 17:42:01 2024

