Command line:
   scheme_scheme_sch_tb_isim_beh.exe
     -simmode  gui
     -simrunnum  0
     -socket  58989

Thu Feb 29 20:56:48 2024


 Elaboration Time: 0.07 sec

 Current Memory Usage: 184.107 Meg

 Total Signals          : 57
 Total Nets             : 105
 Total Signal Drivers   : 24
 Total Blocks           : 10
 Total Primitive Blocks : 8
 Total Processes        : 23
 Total Traceable Variables  : 32
 Total Scalar Nets and Variables : 669
Total Line Count : 33

 Total Simulation Time: 0.15 sec

 Current Memory Usage: 259.609 Meg

Thu Feb 29 20:57:29 2024

